13:39:03.100 request:
1 > GET https://jsonplaceholder.typicode.com/users
1 > Accept-Encoding: gzip,deflate
1 > Connection: Keep-Alive
1 > Host: jsonplaceholder.typicode.com
1 > User-Agent: Apache-HttpClient/4.5.5 (Java/1.8.0_162)

13:39:03.473 response time in milliseconds: 371
1 < 200
1 < Access-Control-Allow-Credentials: true
1 < CF-Cache-Status: HIT
1 < CF-RAY: 45d2b8cb791ea77b-KTM
1 < Cache-Control: public, max-age=14400
1 < Connection: keep-alive
1 < Content-Type: application/json; charset=utf-8
1 < Date: Thu, 20 Sep 2018 07:54:03 GMT
1 < Etag: W/"160d-1eMSsxeJRfnVLRBmYJSbCiJZ1qQ"
1 < Expect-CT: max-age=604800, report-uri="https://report-uri.cloudflare.com/cdn-cgi/beacon/expect-ct"
1 < Expires: Thu, 20 Sep 2018 11:54:03 GMT
1 < Pragma: no-cache
1 < Server: cloudflare
1 < Set-Cookie: __cfduid=d985f980462df66d9fd41efc651b7234b1537430043; expires=Fri, 20-Sep-19 07:54:03 GMT; path=/; domain=.typicode.com; HttpOnly
1 < Transfer-Encoding: chunked
1 < Vary: Origin, Accept-Encoding
1 < Via: 1.1 vegur
1 < X-Content-Type-Options: nosniff
1 < X-Powered-By: Express
[
  {
    "id": 1,
    "name": "Leanne Graham",
    "username": "Bret",
    "email": "Sincere@april.biz",
    "address": {
      "street": "Kulas Light",
      "suite": "Apt. 556",
      "city": "Gwenborough",
      "zipcode": "92998-3874",
      "geo": {
        "lat": "-37.3159",
        "lng": "81.1496"
      }
    },
    "phone": "1-770-736-8031 x56442",
    "website": "hildegard.org",
    "company": {
      "name": "Romaguera-Crona",
      "catchPhrase": "Multi-layered client-server neural-net",
      "bs": "harness real-time e-markets"
    }
  },
  {
    "id": 2,
    "name": "Ervin Howell",
    "username": "Antonette",
    "email": "Shanna@melissa.tv",
    "address": {
      "street": "Victor Plains",
      "suite": "Suite 879",
      "city": "Wisokyburgh",
      "zipcode": "90566-7771",
      "geo": {
        "lat": "-43.9509",
        "lng": "-34.4618"
      }
    },
    "phone": "010-692-6593 x09125",
    "website": "anastasia.net",
    "company": {
      "name": "Deckow-Crist",
      "catchPhrase": "Proactive didactic contingency",
      "bs": "synergize scalable supply-chains"
    }
  },
  {
    "id": 3,
    "name": "Clementine Bauch",
    "username": "Samantha",
    "email": "Nathan@yesenia.net",
    "address": {
      "street": "Douglas Extension",
      "suite": "Suite 847",
      "city": "McKenziehaven",
      "zipcode": "59590-4157",
      "geo": {
        "lat": "-68.6102",
        "lng": "-47.0653"
      }
    },
    "phone": "1-463-123-4447",
    "website": "ramiro.info",
    "company": {
      "name": "Romaguera-Jacobson",
      "catchPhrase": "Face to face bifurcated interface",
      "bs": "e-enable strategic applications"
    }
  },
  {
    "id": 4,
    "name": "Patricia Lebsack",
    "username": "Karianne",
    "email": "Julianne.OConner@kory.org",
    "address": {
      "street": "Hoeger Mall",
      "suite": "Apt. 692",
      "city": "South Elvis",
      "zipcode": "53919-4257",
      "geo": {
        "lat": "29.4572",
        "lng": "-164.2990"
      }
    },
    "phone": "493-170-9623 x156",
    "website": "kale.biz",
    "company": {
      "name": "Robel-Corkery",
      "catchPhrase": "Multi-tiered zero tolerance productivity",
      "bs": "transition cutting-edge web services"
    }
  },
  {
    "id": 5,
    "name": "Chelsey Dietrich",
    "username": "Kamren",
    "email": "Lucio_Hettinger@annie.ca",
    "address": {
      "street": "Skiles Walks",
      "suite": "Suite 351",
      "city": "Roscoeview",
      "zipcode": "33263",
      "geo": {
        "lat": "-31.8129",
        "lng": "62.5342"
      }
    },
    "phone": "(254)954-1289",
    "website": "demarco.info",
    "company": {
      "name": "Keebler LLC",
      "catchPhrase": "User-centric fault-tolerant solution",
      "bs": "revolutionize end-to-end systems"
    }
  },
  {
    "id": 6,
    "name": "Mrs. Dennis Schulist",
    "username": "Leopoldo_Corkery",
    "email": "Karley_Dach@jasper.info",
    "address": {
      "street": "Norberto Crossing",
      "suite": "Apt. 950",
      "city": "South Christy",
      "zipcode": "23505-1337",
      "geo": {
        "lat": "-71.4197",
        "lng": "71.7478"
      }
    },
    "phone": "1-477-935-8478 x6430",
    "website": "ola.org",
    "company": {
      "name": "Considine-Lockman",
      "catchPhrase": "Synchronised bottom-line interface",
      "bs": "e-enable innovative applications"
    }
  },
  {
    "id": 7,
    "name": "Kurtis Weissnat",
    "username": "Elwyn.Skiles",
    "email": "Telly.Hoeger@billy.biz",
    "address": {
      "street": "Rex Trail",
      "suite": "Suite 280",
      "city": "Howemouth",
      "zipcode": "58804-1099",
      "geo": {
        "lat": "24.8918",
        "lng": "21.8984"
      }
    },
    "phone": "210.067.6132",
    "website": "elvis.io",
    "company": {
      "name": "Johns Group",
      "catchPhrase": "Configurable multimedia task-force",
      "bs": "generate enterprise e-tailers"
    }
  },
  {
    "id": 8,
    "name": "Nicholas Runolfsdottir V",
    "username": "Maxime_Nienow",
    "email": "Sherwood@rosamond.me",
    "address": {
      "street": "Ellsworth Summit",
      "suite": "Suite 729",
      "city": "Aliyaview",
      "zipcode": "45169",
      "geo": {
        "lat": "-14.3990",
        "lng": "-120.7677"
      }
    },
    "phone": "586.493.6943 x140",
    "website": "jacynthe.com",
    "company": {
      "name": "Abernathy Group",
      "catchPhrase": "Implemented secondary concept",
      "bs": "e-enable extensible e-tailers"
    }
  },
  {
    "id": 9,
    "name": "Glenna Reichert",
    "username": "Delphine",
    "email": "Chaim_McDermott@dana.io",
    "address": {
      "street": "Dayna Park",
      "suite": "Suite 449",
      "city": "Bartholomebury",
      "zipcode": "76495-3109",
      "geo": {
        "lat": "24.6463",
        "lng": "-168.8889"
      }
    },
    "phone": "(775)976-6794 x41206",
    "website": "conrad.com",
    "company": {
      "name": "Yost and Sons",
      "catchPhrase": "Switchable contextually-based project",
      "bs": "aggregate real-time technologies"
    }
  },
  {
    "id": 10,
    "name": "Clementina DuBuque",
    "username": "Moriah.Stanton",
    "email": "Rey.Padberg@karina.biz",
    "address": {
      "street": "Kattie Turnpike",
      "suite": "Suite 198",
      "city": "Lebsackbury",
      "zipcode": "31428-2261",
      "geo": {
        "lat": "-38.2386",
        "lng": "57.2232"
      }
    },
    "phone": "024-648-3804",
    "website": "ambrose.net",
    "company": {
      "name": "Hoeger LLC",
      "catchPhrase": "Centralized empowering task-force",
      "bs": "target end-to-end models"
    }
  }
]

13:39:03.479 request:
2 > GET https://jsonplaceholder.typicode.com/users/1
2 > Accept-Encoding: gzip,deflate
2 > Connection: Keep-Alive
2 > Cookie: __cfduid=d985f980462df66d9fd41efc651b7234b1537430043
2 > Host: jsonplaceholder.typicode.com
2 > User-Agent: Apache-HttpClient/4.5.5 (Java/1.8.0_162)

13:39:03.506 response time in milliseconds: 26
2 < 200
2 < Access-Control-Allow-Credentials: true
2 < CF-Cache-Status: HIT
2 < CF-RAY: 45d2b8cc4a32a83c-KTM
2 < Cache-Control: public, max-age=14400
2 < Connection: keep-alive
2 < Content-Type: application/json; charset=utf-8
2 < Date: Thu, 20 Sep 2018 07:54:03 GMT
2 < Etag: W/"1fd-+2Y3G3w049iSZtw5t1mzSnunngE"
2 < Expect-CT: max-age=604800, report-uri="https://report-uri.cloudflare.com/cdn-cgi/beacon/expect-ct"
2 < Expires: Thu, 20 Sep 2018 11:54:03 GMT
2 < Pragma: no-cache
2 < Server: cloudflare
2 < Transfer-Encoding: chunked
2 < Vary: Origin, Accept-Encoding
2 < Via: 1.1 vegur
2 < X-Content-Type-Options: nosniff
2 < X-Powered-By: Express
{
  "id": 1,
  "name": "Leanne Graham",
  "username": "Bret",
  "email": "Sincere@april.biz",
  "address": {
    "street": "Kulas Light",
    "suite": "Apt. 556",
    "city": "Gwenborough",
    "zipcode": "92998-3874",
    "geo": {
      "lat": "-37.3159",
      "lng": "81.1496"
    }
  },
  "phone": "1-770-736-8031 x56442",
  "website": "hildegard.org",
  "company": {
    "name": "Romaguera-Crona",
    "catchPhrase": "Multi-layered client-server neural-net",
    "bs": "harness real-time e-markets"
  }
}

13:39:03.522 request:
1 > POST https://jsonplaceholder.typicode.com/users
1 > Accept-Encoding: gzip,deflate
1 > Connection: Keep-Alive
1 > Content-Length: 160
1 > Content-Type: application/json; charset=UTF-8
1 > Host: jsonplaceholder.typicode.com
1 > User-Agent: Apache-HttpClient/4.5.5 (Java/1.8.0_162)
{"name":"Test User","username":"testuser","email":"test@user.com","address":{"street":"Has No Name","suite":"Apt. 123","city":"Electri","zipcode":"54321-6789"}}

13:39:05.037 response time in milliseconds: 1515
1 < 201
1 < Access-Control-Allow-Credentials: true
1 < Access-Control-Expose-Headers: Location
1 < CF-RAY: 45d2b8cc9fcca76f-KTM
1 < Cache-Control: no-cache
1 < Connection: keep-alive
1 < Content-Length: 216
1 < Content-Type: application/json; charset=utf-8
1 < Date: Thu, 20 Sep 2018 07:54:05 GMT
1 < Etag: W/"d8-pYV7+YuMGP2hxHPU9ARrf97ifDA"
1 < Expect-CT: max-age=604800, report-uri="https://report-uri.cloudflare.com/cdn-cgi/beacon/expect-ct"
1 < Expires: -1
1 < Location: http://jsonplaceholder.typicode.com/users/11
1 < Pragma: no-cache
1 < Server: cloudflare
1 < Set-Cookie: __cfduid=dba8a5029af534c7ef9165e7d91accefc1537430043; expires=Fri, 20-Sep-19 07:54:03 GMT; path=/; domain=.typicode.com; HttpOnly
1 < Vary: Origin, X-HTTP-Method-Override, Accept-Encoding
1 < Via: 1.1 vegur
1 < X-Content-Type-Options: nosniff
1 < X-Powered-By: Express
{
  "name": "Test User",
  "username": "testuser",
  "email": "test@user.com",
  "address": {
    "street": "Has No Name",
    "suite": "Apt. 123",
    "city": "Electri",
    "zipcode": "54321-6789"
  },
  "id": 11
}

13:39:05.040 [print] created id is: 11
{"_version":0,"_created":"2018-06-13 06:22:05.604","_created_by":{"_id":"5ad5aebf580000ad00b7a7f9","firstName":"Roshan","lastName":"Sharma"},"_modified_by":{},"_owner":{"_id":"5ad5aebf580000ad00b7a7f9","firstName":"Roshan","lastName":"Sharma"},"_member":""},"name":"Second Transaction","_id":"ee6ab197-6cc1-4990-a94c-cd9fdf3b352d","transactionSeller":[{"_id":"5aa97b1a0e0000b01ef03ac4","firstName":"Jack","lastName":"Khanal"},{"_id":"5aa97b1a0e0000b01ef03ac5","firstName":"Sam","lastName":"Khanal"}],"propertyId":"5aa97b1a0e0000b01ef03ac1","listPrice":7000.0,"status":"ACTIVE"},{"owner":{},"side":"LISTING","description":"Listing Transaction Due Test Second","sellPrice":6500.0,"transactionBuyer":[{"_id":"5aa97b1a0e0000b01ef03ac2","firstName":"Jay","lastName":"Khanal"},{"_id":"5aa97b1a0e0000b01ef03ac3","firstName":"Sagar","lastName":"Khanal"}],"acl":{"gr":true,"gw":true,"gd":true},"closingDate":"2018-05-03 00:00:00.0","closingStatus":"CLOSED","type":"SALE","acceptedDate":"2018-05-11 00:00:00.0","transactionAgent":[{"_id":"5aa97b1a0e0000b01ef03ac7","firstName":"Evan","lastName":"Khanal"},{"_id":"5aa97b1a0e0000b01ef03ac6","firstName":"Jesica","lastName":"Khanal"}],"reference":[],"meta":{"_version":0,"_created":"2018-06-13 06:49:47.661","_created_by":{"_id":"5ad5aebf580000ad00b7a7f9","firstName":"Roshan","lastName":"Sharma"},"_modified_by":{},"_owner":{"_id":"5ad5aebf580000ad00b7a7f9","firstName":"Roshan","lastName":"Sharma"},"_member":""},"name":"First Transaction","_id":"32d815f4-c291-4b85-8283-1486b6c12b0f","transactionSeller":[{"_id":"5aa97b1a0e0000b01ef03ac5","firstName":"Sam","lastName":"Khanal"},{"_id":"5aa97b1a0e0000b01ef03ac4","firstName":"Jack","lastName":"Khanal"}],"propertyId":"5aa97b1a0e0000b01ef03ac1","listPrice":7000.0,"status":"ACTIVE"},{"owner":{},"side":"LISTING","description":"Listing Transaction Due Test Second","sellPrice":6500.0,"transactionBuyer":[{"_id":"5aa97b1a0e0000b01ef03ac2","firstName":"Jay","lastName":"Khanal"},{"_id":"5aa97b1a0e0000b01ef03ac3","firstName":"Sagar","lastName":"Khanal"}],"acl":{"gr":true,"gw":true,"gd":true},"closingDate":"2018-05-03 00:00:00.0","closingStatus":"CLOSED","type":"SALE","acceptedDate":"2018-05-11 00:00:00.0","transactionAgent":[{"_id":"5aa97b1a0e0000b01ef03ac7","firstName":"Evan","lastName":"Khanal"},{"_id":"5aa97b1a0e0000b01ef03ac6","firstName":"Jesica","lastName":"Khanal"}],"reference":[],"meta":{"_version":0,"_created":"2018-06-13 07:06:24.407","_created_by":{"_id":"5ad5aebf580000ad00b7a7f9","firstName":"Roshan","lastName":"Sharma"},"_modified_by":{},"_owner":{"_id":"5ad5aebf580000ad00b7a7f9","firstName":"Roshan","lastName":"Sharma"},"_member":""},"name":"First Transaction","_id":"4475cbbd-f714-4bb3-a478-7cbdd1647a45","transactionSeller":[{"_id":"5aa97b1a0e0000b01ef03ac5","firstName":"Sam","lastName":"Khanal"},{"_id":"5aa97b1a0e0000b01ef03ac4","firstName":"Jack","lastName":"Khanal"}],"propertyId":"5aa97b1a0e0000b01ef03ac1","listPrice":7000.0,"status":"ACTIVE"},{"owner":{},"side":"LISTING","description":"Listing Transaction Due Test Second","sellPrice":6500.0,"transactionBuyer":[{"_id":"5aa97b1a0e0000b01ef03ac2","firstName":"Jay","lastName":"Khanal"},{"_id":"5aa97b1a0e0000b01ef03ac3","firstName":"Sagar","lastName":"Khanal"}],"acl":{"gr":true,"gw":true,"gd":true},"closingDate":"2018-05-03 00:00:00.0","closingStatus":"CLOSED","type":"SALE","acceptedDate":"2018-05-11 00:00:00.0","transactionAgent":[{"_id":"5aa97b1a0e0000b01ef03ac6","firstName":"Jesica","lastName":"Khanal"},{"_id":"5aa97b1a0e0000b01ef03ac7","firstName":"Evan","lastName":"Khanal"}],"reference":[],"meta":{"_version":0,"_created":"2018-07-06 07:43:53.119","_created_by":{"_id":"5afd2dbdfd5fb0934cf70cb8","firstName":"Chunky","lastName":"Tae"},"_modified_by":{},"_owner":{"_id":"5afd2dbdfd5fb0934cf70cb8","firstName":"Chunky","lastName":"Tae"},"_member":""},"name":"Transaction Filtering","_id":"b2678480-51e4-487b-990b-0c9a742bf577","transactionSeller":[{"_id":"5aa97b1a0e0000b01ef03ac5","firstName":"Sam","lastName":"Khanal"},{"_id":"5aa97b1a0e0000b01ef03ac4","firstName":"Jack","lastName":"Khanal"}],"propertyId":"5aa97b1a0e0000b01ef03ac1","listPrice":7000.0,"status":"ACTIVE"},{"owner":{"_id":"5aa99b1a0e055nm01ef03ac6","firstName":"Simran","lastName":"Libertine"},"side":"BUYING","description":"best for agriculture and farming","sellPrice":5000.0,"transactionBuyer":[{"_id":"6aa97b1a0e11222f03nc2","firstName":"James","lastName":"Black"}],"acl":{"gr":true,"gw":true,"gd":true},"closingDate":"2018-04-01 00:00:00.0","closingStatus":"RE_CLOSE","type":"SALE","acceptedDate":"2017-12-23 00:00:00.0","transactionAgent":[{"_id":"80a97b1a0e0033771ef03ac0","firstName":"Lucifer","lastName":"Lovaskia"},{"_id":"5aa97b1a090000b015503ac7","firstName":"Carren","lastName":"Montana"}],"reference":[],"meta":{"_version":0,"_created":"2018-07-06 08:15:38.111","_created_by":{"_id":"5afd2dbdfd5fb0934cf70cb8","firstName":"Chunky","lastName":"Tae"},"_modified_by":{},"_owner":{"_id":"5afd2dbdfd5fb0934cf70cb8","firstName":"Chunky","lastName":"Tae"},"_member":""},"name":"Aintree Court,land","_id":"cc2f379f-dcd7-41e3-a5c7-b5c70144f220","transactionSeller":[{"_id":"5aa33b1a0e0766b01ef03ac9","firstName":"Amelai","lastName":"Black"},{"_id":"5aa99b1a0e055nm01ef03ac6","firstName":"Rio","lastName":"Cameroon"}],"propertyId":"7aa97b1556ee4505cc03ac4","listPrice":4000.0,"status":"ACTIVE"},{"owner":{"_id":"5aa99b1a0e055nm01ef03ac6","firstName":"Simran","lastName":"Libertine"},"side":"BUYING","description":"best for agriculture and farming","sellPrice":5000.0,"transactionBuyer":[{"_id":"6aa97b1a0e11222f03nc2","firstName":"James","lastName":"Black"}],"acl":{"gr":true,"gw":true,"gd":true},"closingDate":"2018-04-01 00:00:00.0","closingStatus":"RE_CLOSE","type":"SALE","acceptedDate":"2017-12-23 00:00:00.0","transactionAgent":[{"_id":"5aa97b1a090000b015503ac7","firstName":"Carren","lastName":"Montana"},{"_id":"80a97b1a0e0033771ef03ac0","firstName":"Lucifer","lastName":"Lovaskia"}],"reference":[],"meta":{"_version":0,"_created":"2018-06-13 05:36:43.93","_created_by":{"_id":"5ad5aebf580000ad00b7a7f9","firstName":"Roshan","lastName":"Sharma"},"_modified_by":{},"_owner":{"_id":"5ad5aebf580000ad00b7a7f9","firstName":"Roshan","lastName":"Sharma"},"_member":""},"name":"Aintree Court,land","_id":"e22ac5f7-7f48-4539-8831-2f3a5f6cebe7","transactionSeller":[{"_id":"5aa99b1a0e055nm01ef03ac6","firstName":"Rio","lastName":"Cameroon"},{"_id":"5aa33b1a0e0766b01ef03ac9","firstName":"Amelai","lastName":"Black"}],"propertyId":"7aa97b1556ee4505cc03ac4","listPrice":4000.0,"status":"ACTIVE"},{"owner":{},"side":"LISTING","description":"Listing Transaction Due Test Second","sellPrice":6500.0,"transactionBuyer":[{"_id":"5aa97b1a0e0000b01ef03ac2","firstName":"Jay","lastName":"Khanal"},{"_id":"5aa97b1a0e0000b01ef03ac3","firstName":"Sagar","lastName":"Khanal"}],"acl":{"gr":true,"gw":true,"gd":true},"closingDate":"2018-05-03 00:00:00.0","closingStatus":"CLOSED","type":"SALE","acceptedDate":"2018-05-11 00:00:00.0","transactionAgent":[{"_id":"5aa97b1a0e0000b01ef03ac6","firstName":"Jesica","lastName":"Khanal"},{"_id":"5aa97b1a0e0000b01ef03ac7","firstName":"Evan","lastName":"Khanal"}],"reference":[],"meta":{"_version":0,"_created":"2018-06-13 06:58:42.161","_created_by":{"_id":"5ad5aebf580000ad00b7a7f9","firstName":"Roshan","lastName":"Sharma"},"_modified_by":{},"_owner":{"_id":"5ad5aebf580000ad00b7a7f9","firstName":"Roshan","lastName":"Sharma"},"_member":""},"name":"First Transaction","_id":"f29c4414-a745-41f3-8dbf-a23927e3f0a5","transactionSeller":[{"_id":"5aa97b1a0e0000b01ef03ac4","firstName":"Jack","lastName":"Khanal"},{"_id":"5aa97b1a0e0000b01ef03ac5","firstName":"Sam","lastName":"Khanal"}],"propertyId":"5aa97b1a0e0000b01ef03ac1","listPrice":7000.0,"status":"ACTIVE"},{"owner":{},"listedOn":"2018-04-23 00:00:00.0","side":"LISTING","description":"Listing Transaction Due Test Second","sellPrice":6500.0,"transactionBuyer":[{"_id":"5aa97b1a0e0000b01ef03ac2","firstName":"Jay","lastName":"Khanal"},{"_id":"5aa97b1a0e0000b01ef03ac3","firstName":"Sagar","lastName":"Khanal"}],"acl":{"gr":true,"gw":true,"gd":true},"closingDate":"2018-05-03 00:00:00.0","closingStatus":"CLOSED","type":"SALE","acceptedDate":"2018-05-11 00:00:00.0","transactionAgent":[{"_id":"5aa97b1a0e0000b01ef03ac7","firstName":"Evan","lastName":"Khanal"},{"_id":"5aa97b1a0e0000b01ef03ac6","firstName":"Jesica","lastName":"Khanal"}],"reference":[],"meta":{"_version":5,"_created":"2018-06-13 06:15:16.105","_created_by":{"_id":"5ad5aebf580000ad00b7a7f9","firstName":"Roshan","lastName":"Sharma"},"_last_modified":"2018-05-09 06:25:55.215","_modified_by":{"firstName":"Roshan","lastName":"5ad5aebf580000ad00b7a7f9"},"_owner":{"_id":"5ad5aebf580000ad00b7a7f9","firstName":"Roshan","lastName":"Sharma"},"_member":""},"name":"First Transaction","_id":"ac50886b-8d49-4c79-8cae-17dc79bff63c","transactionSeller":[{"_id":"5aa97b1a0e0000b01ef03ac4","firstName":"Jack","lastName":"Khanal"},{"_id":"5aa97b1a0e0000b01ef03ac5","firstName":"Sam","lastName":"Khanal"}],"propertyId":"5aa97b1a0e0000b01ef03ac1","listPrice":7000.0,"status":"ACTIVE"},{"owner":{},"side":"LISTING","description":"Beautiful house","sellPrice":6500.0,"transactionBuyer":[{"_id":"5aa97b1a0e0000b01ef03ac3","firstName":"Sagar","lastName":"Khanal"},{"_id":"5aa97b1a0e0000b01ef03ac2","firstName":"Jay","lastName":"Khanal"}],"acl":{"gr":true,"gw":true,"gd":true},"closingDate":"2018-05-03 00:00:00.0","closingStatus":"CLOSED","type":"SALE","acceptedDate":"2018-05-11 00:00:00.0","transactionAgent":[{"_id":"5aa97b1a0e0000b01ef03ac6","firstName":"Jesica","lastName":"Khanal"},{"_id":"5aa97b1a0e0000b01ef03ac7","firstName":"Evan","lastName":"Khanal"}],"reference":[],"meta":{"_version":0,"_created":"2018-06-13 06:15:16.194","_created_by":{"_id":"5ad5aebf580000ad00b7a7f9","firstName":"Roshan","lastName":"Sharma"},"_modified_by":{},"_owner":{"_id":"5ad5aebf580000ad00b7a7f9","firstName":"Roshan","lastName":"Sharma"},"_member":""},"name":"Transaction of House","_id":"9a3ede6f-4f78-4b7a-a0c2-000163842af6","transactionSeller":[{"_id":"5aa97b1a0e0000b01ef03ac4","firstName":"Jack","lastName":"Khanal"},{"_id":"5aa97b1a0e0000b01ef03ac5","firstName":"Sam","lastName":"Khanal"}],"propertyId":"5aa97b1a0e0000b01ef03ac1","listPrice":7000.0,"status":"ACTIVE"},{"owner":{"_id":"222222","firstName":"Amit","lastName":"Chaulagain"},"listedOn":"2017-12-12 01:00:00.0","side":"BOTH","description":"description about the apartment","sellPrice":3500.0,"transactionBuyer":[{"_id":"aaaa2","firstName":"hero","lastName":"Chau"},{"_id":"aaaa4","firstName":"hero","lastName":"Chau"}],"acl":{"gr":true,"gw":true,"gd":true},"closingDate":"2018-01-01 00:00:00.0","closingStatus":"CLOSED","type":"SALE","acceptedDate":"2017-12-11 23:00:00.0","transactionAgent":[{"_id":"cccc5","firstName":"Carlos","lastName":"Chau"},{"_id":"cccc2","firstName":"Carlos","lastName":"Chau"}],"reference":[],"mls":"12qw12","meta":{"_version":9,"_created":"2018-06-13 06:40:57.57","_created_by":{"_id":"11111111","firstName":"leo","lastName":"daarko"},"_modified_by":{},"_owner":{"_id":"11111111","firstName":"leo","lastName":"daarko"},"_member":"22222222"},"name":"testing4","_id":"8877ca50-fb33-4089-82e7-39cd52863a92","transactionSeller":[{"_id":"bbbb2","firstName":"Bob","lastName":"Chau"},{"_id":"bbbb1","firstName":"Bob","lastName":"Chau"}],"propertyId":"property1","listPrice":4000.0,"status":"ACTIVE"},{"owner":{},"side":"LISTING","description":"Listing Transaction Due Test Second","sellPrice":6500.0,"transactionBuyer":[{"_id":"5aa97b1a0e0000b01ef03ac3","firstName":"Sagar","lastName":"Khanal"},{"_id":"5aa97b1a0e0000b01ef03ac2","firstName":"Jay","lastName":"Khanal"}],"acl":{"gr":true,"gw":true,"gd":true},"closingDate":"2018-05-03 00:00:00.0","closingStatus":"CLOSED","type":"SALE","acceptedDate":"2018-05-11 00:00:00.0","transactionAgent":[{"_id":"5aa97b1a0e0000b01ef03ac6","firstName":"Jesica","lastName":"Khanal"},{"_id":"5aa97b1a0e0000b01ef03ac7","firstName":"Evan","lastName":"Khanal"}],"reference":[],"meta":{"_version":0,"_created":"2018-06-13 06:26:08.491","_created_by":{"_id":"5ad5aebf580000ad00b7a7f9","firstName":"Roshan","lastName":"Sharma"},"_modified_by":{},"_owner":{"_id":"5ad5aebf580000ad00b7a7f9","firstName":"Roshan","lastName":"Sharma"},"_member":""},"name":"First Transaction","_id":"8ad7641a-c9c2-4807-99c0-7afe87ccdbac","transactionSeller":[{"_id":"5aa97b1a0e0000b01ef03ac4","firstName":"Jack","lastName":"Khanal"},{"_id":"5aa97b1a0e0000b01ef03ac5","firstName":"Sam","lastName":"Khanal"}],"propertyId":"5aa97b1a0e0000b01ef03ac1","listPrice":7000.0,"status":"ACTIVE"},{"owner":{},"side":"LISTING","description":"Listing Transaction Due Test Second","sellPrice":6500.0,"transactionBuyer":[{"_id":"5aa97b1a0e0000b01ef03ac3","firstName":"Sagar","lastName":"Khanal"},{"_id":"5aa97b1a0e0000b01ef03ac2","firstName":"Jay","lastName":"Khanal"}],"acl":{"gr":true,"gw":true,"gd":true},"closingDate":"2018-05-03 00:00:00.0","closingStatus":"CLOSED","type":"SALE","acceptedDate":"2018-05-11 00:00:00.0","transactionAgent":[{"_id":"5aa97b1a0e0000b01ef03ac7","firstName":"Evan","lastName":"Khanal"},{"_id":"5aa97b1a0e0000b01ef03ac6","firstName":"Jesica","lastName":"Khanal"}],"reference":[],"meta":{"_version":0,"_created":"2018-06-13 07:07:26.894","_created_by":{"_id":"5ad5aebf580000ad00b7a7f9","firstName":"Roshan","lastName":"Sharma"},"_modified_by":{},"_owner":{"_id":"5ad5aebf580000ad00b7a7f9","firstName":"Roshan","lastName":"Sharma"},"_member":""},"name":"Second Transaction","_id":"c17e31fa-ae98-4ebf-8faf-1c5ceedf309f","transactionSeller":[{"_id":"5aa97b1a0e0000b01ef03ac4","firstName":"Jack","lastName":"Khanal"},{"_id":"5aa97b1a0e0000b01ef03ac5","firstName":"Sam","lastName":"Khanal"}],"propertyId":"5aa97b1a0e0000b01ef03ac1","listPrice":7000.0,"status":"ACTIVE"},{"owner":{"_id":"5aa99b1a0e055nm01ef03ac6","firstName":"Simran","lastName":"Libertine"},"side":"BUYING","description":"best for agriculture and farming","sellPrice":5000.0,"transactionBuyer":[{"_id":"6aa97b1a0e11222f03nc2","firstName":"James","lastName":"Black"}],"acl":{"gr":true,"gw":true,"gd":true},"closingDate":"2018-04-01 00:00:00.0","closingStatus":"RE_CLOSE","type":"SALE","acceptedDate":"2017-12-23 00:00:00.0","transactionAgent":[{"_id":"5aa97b1a090000b015503ac7","firstName":"Carren","lastName":"Montana"},{"_id":"80a97b1a0e0033771ef03ac0","firstName":"Lucifer","lastName":"Lovaskia"}],"reference":[],"meta":{"_version":0,"_created":"2018-07-06 08:28:42.82","_created_by":{"_id":"5afd2dbdfd5fb0934cf70cb8","firstName":"Chunky","lastName":"Tae"},"_modified_by":{},"_owner":{"_id":"5afd2dbdfd5fb0934cf70cb8","firstName":"Chunky","lastName":"Tae"},"_member":""},"name":"Aintree Court,land","_id":"64e5b39e-571d-4ae8-ac1b-ab34e9c49028","transactionSeller":[{"_id":"5aa99b1a0e055nm01ef03ac6","firstName":"Rio","lastName":"Cameroon"},{"_id":"5aa33b1a0e0766b01ef03ac9","firstName":"Amelai","lastName":"Black"}],"propertyId":"7aa97b1556ee4505cc03ac4","listPrice":4000.0,"status":"ACTIVE"},{"owner":{},"side":"LISTING","description":"Listing Transaction Due Test Second","sellPrice":6500.0,"transactionBuyer":[{"_id":"5aa97b1a0e0000b01ef03ac3","firstName":"Sagar","lastName":"Khanal"},{"_id":"5aa97b1a0e0000b01ef03ac2","firstName":"Jay","lastName":"Khanal"}],"acl":{"gr":true,"gw":true,"gd":true},"closingDate":"2018-05-03 00:00:00.0","closingStatus":"CLOSED","type":"SALE","acceptedDate":"2018-05-11 00:00:00.0","transactionAgent":[{"_id":"5aa97b1a0e0000b01ef03ac7","firstName":"Evan","lastName":"Khanal"},{"_id":"5aa97b1a0e0000b01ef03ac6","firstName":"Jesica","lastName":"Khanal"}],"reference":[],"meta":{"_version":0,"_created":"2018-06-13 06:58:42.182","_created_by":{"_id":"5ad5aebf580000ad00b7a7f9","firstName":"Roshan","lastName":"Sharma"},"_modified_by":{},"_owner":{"_id":"5ad5aebf580000ad00b7a7f9","firstName":"Roshan","lastName":"Sharma"},"_member":""},"name":"Second Transaction","_id":"4a554960-fde4-4df5-b96b-a53af868420c","transactionSeller":[{"_id":"5aa97b1a0e0000b01ef03ac5","firstName":"Sam","lastName":"Khanal"},{"_id":"5aa97b1a0e0000b01ef03ac4","firstName":"Jack","lastName":"Khanal"}],"propertyId":"5aa97b1a0e0000b01ef03ac1","listPrice":7000.0,"status":"ACTIVE"},{"owner":{},"side":"LISTING","description":"Listing Transaction Due Test Second","sellPrice":6500.0,"transactionBuyer":[{"_id":"5aa97b1a0e0000b01ef03ac2","firstName":"Jay","lastName":"Khanal"},{"_id":"5aa97b1a0e0000b01ef03ac3","firstName":"Sagar","lastName":"Khanal"}],"acl":{"gr":true,"gw":true,"gd":true},"closingDate":"2018-05-03 00:00:00.0","closingStatus":"CLOSED","type":"SALE","acceptedDate":"2018-05-11 00:00:00.0","transactionAgent":[{"_id":"5aa97b1a0e0000b01ef03ac7","firstName":"Evan","lastName":"Khanal"},{"_id":"5aa97b1a0e0000b01ef03ac6","firstName":"Jesica","lastName":"Khanal"}],"reference":[],"meta":{"_version":0,"_created":"2018-07-06 08:34:42.6","_created_by":{"_id":"5afd2dbdfd5fb0934cf70cb8","firstName":"Chunky","lastName":"Tae"},"_modified_by":{},"_owner":{"_id":"5afd2dbdfd5fb0934cf70cb8","firstName":"Chunky","lastName":"Tae"},"_member":""},"name":"Transaction Filtering","_id":"6d4e3904-aac1-417c-a6c2-d06b68dbf6a8","transactionSeller":[{"_id":"5aa97b1a0e0000b01ef03ac5","firstName":"Sam","lastName":"Khanal"},{"_id":"5aa97b1a0e0000b01ef03ac4","firstName":"Jack","lastName":"Khanal"}],"propertyId":"5aa97b1a0e0000b01ef03ac1","listPrice":7000.0,"status":"ACTIVE"},{"owner":{"_id":"222222","firstName":"Amit","lastName":"Chaulagain"},"listedOn":"2017-12-12 01:00:00.0","side":"BOTH","description":"description about the apartment","sellPrice":3000.0,"transactionBuyer":[{"_id":"aaaa4","firstName":"hero","lastName":"Chau"},{"_id":"aaaa2","firstName":"hero","lastName":"Chau"}],"acl":{"gr":true,"gw":true,"gd":true},"closingDate":"2018-01-01 00:00:00.0","closingStatus":"CLOSED","type":"SALE","acceptedDate":"2017-12-11 23:00:00.0","transactionAgent":[{"_id":"cccc2","firstName":"Carlos","lastName":"Chau"},{"_id":"cccc5","firstName":"Carlos","lastName":"Chau"}],"reference":[],"mls":"12qw12","meta":{"_version":0,"_created":"2018-06-13 06:30:24.87","_created_by":{"_id":"11111111","firstName":"leo","lastName":"daarko"},"_modified_by":{},"_owner":{"_id":"11111111","firstName":"leo","lastName":"daarko"},"_member":"22222222"},"name":"building","_id":"1aa9c99e-5e68-45fe-8295-1e4498c6a7c3","transactionSeller":[{"_id":"bbbb1","firstName":"Bob","lastName":"Chau"},{"_id":"bbbb2","firstName":"Bob","lastName":"Chau"}],"propertyId":"property1","listPrice":4000.0,"status":"ACTIVE"},{"owner":{},"side":"LISTING","description":"Listing Transaction Due Test Second","sellPrice":6500.0,"transactionBuyer":[{"_id":"5aa97b1a0e0000b01ef03ac3","firstName":"Sagar","lastName":"Khanal"},{"_id":"5aa97b1a0e0000b01ef03ac2","firstName":"Jay","lastName":"Khanal"}],"acl":{"gr":true,"gw":true,"gd":true},"closingDate":"2018-05-03 00:00:00.0","closingStatus":"CLOSED","type":"SALE","acceptedDate":"2018-05-11 00:00:00.0","transactionAgent":[{"_id":"5aa97b1a0e0000b01ef03ac7","firstName":"Evan","lastName":"Khanal"},{"_id":"5aa97b1a0e0000b01ef03ac6","firstName":"Jesica","lastName":"Khanal"}],"reference":[],"meta":{"_version":0,"_created":"2018-06-13 06:49:47.705","_created_by":{"_id":"5ad5aebf580000ad00b7a7f9","firstName":"Roshan","lastName":"Sharma"},"_modified_by":{},"_owner":{"_id":"5ad5aebf580000ad00b7a7f9","firstName":"Roshan","lastName":"Sharma"},"_member":""},"name":"Second Transaction","_id":"2b8ac1a1-c499-4381-880c-ae8da23244de","transactionSeller":[{"_id":"5aa97b1a0e0000b01ef03ac4","firstName":"Jack","lastName":"Khanal"},{"_id":"5aa97b1a0e0000b01ef03ac5","firstName":"Sam","lastName":"Khanal"}],"propertyId":"5aa97b1a0e0000b01ef03ac1","listPrice":7000.0,"status":"ACTIVE"},{"owner":{},"side":"LISTING","description":"Listing Transaction Due Test Second","sellPrice":6500.0,"transactionBuyer":[{"_id":"5aa97b1a0e0000b01ef03ac3","firstName":"Sagar","lastName":"Khanal"},{"_id":"5aa97b1a0e0000b01ef03ac2","firstName":"Jay","lastName":"Khanal"}],"acl":{"gr":true,"gw":true,"gd":true},"closingDate":"2018-05-03 00:00:00.0","closingStatus":"CLOSED","type":"SALE","acceptedDate":"2018-05-11 00:00:00.0","transactionAgent":[{"_id":"5aa97b1a0e0000b01ef03ac6","firstName":"Jesica","lastName":"Khanal"},{"_id":"5aa97b1a0e0000b01ef03ac7","firstName":"Evan","lastName":"Khanal"}],"reference":[],"meta":{"_version":0,"_created":"2018-06-13 07:07:30.744","_created_by":{"_id":"5ad5aebf580000ad00b7a7f9","firstName":"Roshan","lastName":"Sharma"},"_modified_by":{},"_owner":{"_id":"5ad5aebf580000ad00b7a7f9","firstName":"Roshan","lastName":"Sharma"},"_member":""},"name":"First Transaction","_id":"4dc70f96-944b-46b0-bd76-e38ce72c2034","transactionSeller":[{"_id":"5aa97b1a0e0000b01ef03ac4","firstName":"Jack","lastName":"Khanal"},{"_id":"5aa97b1a0e0000b01ef03ac5","firstName":"Sam","lastName":"Khanal"}],"propertyId":"5aa97b1a0e0000b01ef03ac1","listPrice":7000.0,"status":"ACTIVE"},{"owner":{},"side":"LISTING","description":"Listing Transaction Due Test Second","sellPrice":6500.0,"transactionBuyer":[{"_id":"5aa97b1a0e0000b01ef03ac3","firstName":"Sagar","lastName":"Khanal"},{"_id":"5aa97b1a0e0000b01ef03ac2","firstName":"Jay","lastName":"Khanal"}],"acl":{"gr":true,"gw":true,"gd":true},"closingDate":"2018-05-03 00:00:00.0","closingStatus":"CLOSED","type":"SALE","acceptedDate":"2018-05-11 00:00:00.0","transactionAgent":[{"_id":"5aa97b1a0e0000b01ef03ac6","firstName":"Jesica","lastName":"Khanal"},{"_id":"5aa97b1a0e0000b01ef03ac7","firstName":"Evan","lastName":"Khanal"}],"reference":[],"meta":{"_version":0,"_created":"2018-07-06 07:53:28.8","_created_by":{"_id":"5afd2dbdfd5fb0934cf70cb8","firstName":"Chunky","lastName":"Tae"},"_modified_by":{},"_owner":{"_id":"5afd2dbdfd5fb0934cf70cb8","firstName":"Chunky","lastName":"Tae"},"_member":""},"name":"Transaction Filtering","_id":"2b95bfe7-9919-49a7-8e50-08fda41478f6","transactionSeller":[{"_id":"5aa97b1a0e0000b01ef03ac4","firstName":"Jack","lastName":"Khanal"},{"_id":"5aa97b1a0e0000b01ef03ac5","firstName":"Sam","lastName":"Khanal"}],"propertyId":"5aa97b1a0e0000b01ef03ac1","listPrice":7000.0,"status":"ACTIVE"},{"owner":{"_id":"5aa99b1a0e055nm01ef03ac6","firstName":"Simran","lastName":"Libertine"},"side":"BUYING","description":"Good scenerio from the roof top","sellPrice":10000.0,"transactionBuyer":[{"_id":"6aa97b1a0e11222f03nc2","firstName":"James","lastName":"Black"}],"acl":{"gr":true,"gw":true,"gd":true},"closingDate":"2018-04-01 00:00:00.0","closingStatus":"RE_CLOSE","type":"SALE","acceptedDate":"2017-12-23 00:00:00.0","transactionAgent":[{"_id":"80a97b1a0e0033771ef03ac0","firstName":"Lucifer","lastName":"Lovaskia"},{"_id":"5aa97b1a090000b015503ac7","firstName":"Carren","lastName":"Montana"}],"reference":[],"meta":{"_version":0,"_created":"2018-06-13 05:40:28.877","_created_by":{"_id":"5ad5aebf580000ad00b7a7f9","firstName":"Roshan","lastName":"Sharma"},"_modified_by":{},"_owner":{"_id":"5ad5aebf580000ad00b7a7f9","firstName":"Roshan","lastName":"Sharma"},"_member":""},"name":"Luxury Building","_id":"88208a43-3b50-4bc0-beb7-bb888f90a669","transactionSeller":[{"_id":"5aa99b1a0e055nm01ef03ac6","firstName":"Rio","lastName":"Cameroon"},{"_id":"5aa33b1a0e0766b01ef03ac9","firstName":"Amelai","lastName":"Black"}],"propertyId":"7aa97b1556ee4505cc03ac4","listPrice":9000.0,"status":"ACTIVE"},{"owner":{},"side":"LISTING","description":"Listing Transaction Due Test Second","sellPrice":6500.0,"transactionBuyer":[{"_id":"5aa97b1a0e0000b01ef03ac2","firstName":"Jay","lastName":"Khanal"},{"_id":"5aa97b1a0e0000b01ef03ac3","firstName":"Sagar","lastName":"Khanal"}],"acl":{"gr":true,"gw":true,"gd":true},"closingDate":"2018-05-03 00:00:00.0","closingStatus":"CLOSED","type":"SALE","acceptedDate":"2018-05-11 00:00:00.0","transactionAgent":[{"_id":"5aa97b1a0e0000b01ef03ac6","firstName":"Jesica","lastName":"Khanal"},{"_id":"5aa97b1a0e0000b01ef03ac7","firstName":"Evan","lastName":"Khanal"}],"reference":[],"meta":{"_version":0,"_created":"2018-06-13 06:17:52.72","_created_by":{"_id":"5ad5aebf580000ad00b7a7f9","firstName":"Roshan","lastName":"Sharma"},"_modified_by":{},"_owner":{"_id":"5ad5aebf580000ad00b7a7f9","firstName":"Roshan","lastName":"Sharma"},"_member":""},"name":"First Transaction","_id":"6df6f53f-f30f-495d-aa2a-8abc9eab1f95","transactionSeller":[{"_id":"5aa97b1a0e0000b01ef03ac4","firstName":"Jack","lastName":"Khanal"},{"_id":"5aa97b1a0e0000b01ef03ac5","firstName":"Sam","lastName":"Khanal"}],"propertyId":"5aa97b1a0e0000b01ef03ac1","listPrice":7000.0,"status":"ACTIVE"},{"owner":{},"side":"LISTING","description":"Listing Transaction Due Test Second","sellPrice":6500.0,"transactionBuyer":[{"_id":"5aa97b1a0e0000b01ef03ac2","firstName":"Jay","lastName":"Khanal"},{"_id":"5aa97b1a0e0000b01ef03ac3","firstName":"Sagar","lastName":"Khanal"}],"acl":{"gr":true,"gw":true,"gd":true},"closingDate":"2018-05-03 00:00:00.0","closingStatus":"CLOSED","type":"SALE","acceptedDate":"2018-05-11 00:00:00.0","transactionAgent":[{"_id":"5aa97b1a0e0000b01ef03ac6","firstName":"Jesica","lastName":"Khanal"},{"_id":"5aa97b1a0e0000b01ef03ac7","firstName":"Evan","lastName":"Khanal"}],"reference":[],"meta":{"_version":0,"_created":"2018-06-13 06:22:05.565","_created_by":{"_id":"5ad5aebf580000ad00b7a7f9","firstName":"Roshan","lastName":"Sharma"},"_modified_by":{},"_owner":{"_id":"5ad5aebf580000ad00b7a7f9","firstName":"Roshan","lastName":"Sharma"},"_member":""},"name":"First Transaction","_id":"be63b486-3bd4-44e8-90eb-f6907245752d","transactionSeller":[{"_id":"5aa97b1a0e0000b01ef03ac5","firstName":"Sam","lastName":"Khanal"},{"_id":"5aa97b1a0e0000b01ef03ac4","firstName":"Jack","lastName":"Khanal"}],"propertyId":"5aa97b1a0e0000b01ef03ac1","listPrice":7000.0,"status":"ACTIVE"},{"owner":{},"side":"LISTING","description":"Listing Transaction Due Test Second","sellPrice":6500.0,"transactionBuyer":[{"_id":"5aa97b1a0e0000b01ef03ac3","firstName":"Sagar","lastName":"Khanal"},{"_id":"5aa97b1a0e0000b01ef03ac2","firstName":"Jay","lastName":"Khanal"}],"acl":{"gr":true,"gw":true,"gd":true},"closingDate":"2018-05-03 00:00:00.0","closingStatus":"CLOSED","type":"SALE","acceptedDate":"2018-05-11 00:00:00.0","transactionAgent":[{"_id":"5aa97b1a0e0000b01ef03ac6","firstName":"Jesica","lastName":"Khanal"},{"_id":"5aa97b1a0e0000b01ef03ac7","firstName":"Evan","lastName":"Khanal"}],"reference":[],"meta":{"_version":0,"_created":"2018-06-13 07:06:24.438","_created_by":{"_id":"5ad5aebf580000ad00b7a7f9","firstName":"Roshan","lastName":"Sharma"},"_modified_by":{},"_owner":{"_id":"5ad5aebf580000ad00b7a7f9","firstName":"Roshan","lastName":"Sharma"},"_member":""},"name":"Second Transaction","_id":"5e98508c-1aa4-432f-bad1-ab5ea11821cc","transactionSeller":[{"_id":"5aa97b1a0e0000b01ef03ac4","firstName":"Jack","lastName":"Khanal"},{"_id":"5aa97b1a0e0000b01ef03ac5","firstName":"Sam","lastName":"Khanal"}],"propertyId":"5aa97b1a0e0000b01ef03ac1","listPrice":7000.0,"status":"ACTIVE"},{"owner":{},"side":"LISTING","description":"Listing Transaction Due Test Second","sellPrice":6500.0,"transactionBuyer":[{"_id":"5aa97b1a0e0000b01ef03ac3","firstName":"Sagar","lastName":"Khanal"},{"_id":"5aa97b1a0e0000b01ef03ac2","firstName":"Jay","lastName":"Khanal"}],"acl":{"gr":true,"gw":true,"gd":true},"closingDate":"2018-05-03 00:00:00.0","closingStatus":"CLOSED","type":"SALE","acceptedDate":"2018-05-11 00:00:00.0","transactionAgent":[{"_id":"5aa97b1a0e0000b01ef03ac6","firstName":"Jesica","lastName":"Khanal"},{"_id":"5aa97b1a0e0000b01ef03ac7","firstName":"Evan","lastName":"Khanal"}],"reference":[],"meta":{"_version":0,"_created":"2018-06-13 07:07:30.763","_created_by":{"_id":"5ad5aebf580000ad00b7a7f9","firstName":"Roshan","lastName":"Sharma"},"_modified_by":{},"_owner":{"_id":"5ad5aebf580000ad00b7a7f9","firstName":"Roshan","lastName":"Sharma"},"_member":""},"name":"Second Transaction","_id":"740fe1ba-8502-437b-98fc-9c463d5f21d0","transactionSeller":[{"_id":"5aa97b1a0e0000b01ef03ac5","firstName":"Sam","lastName":"Khanal"},{"_id":"5aa97b1a0e0000b01ef03ac4","firstName":"Jack","lastName":"Khanal"}],"propertyId":"5aa97b1a0e0000b01ef03ac1","listPrice":7000.0,"status":"ACTIVE"},{"owner":{},"side":"LISTING","description":"Listing Transaction Due Test Second","sellPrice":6500.0,"transactionBuyer":[{"_id":"5aa97b1a0e0000b01ef03ac2","firstName":"Jay","lastName":"Khanal"},{"_id":"5aa97b1a0e0000b01ef03ac3","firstName":"Sagar","lastName":"Khanal"}],"acl":{"gr":true,"gw":true,"gd":true},"closingDate":"2018-05-03 00:00:00.0","closingStatus":"CLOSED","type":"SALE","acceptedDate":"2018-05-11 00:00:00.0","transactionAgent":[{"_id":"5aa97b1a0e0000b01ef03ac6","firstName":"Jesica","lastName":"Khanal"},{"_id":"5aa97b1a0e0000b01ef03ac7","firstName":"Evan","lastName":"Khanal"}],"reference":[],"meta":{"_version":0,"_created":"2018-06-13 07:07:26.865","_created_by":{"_id":"5ad5aebf580000ad00b7a7f9","firstName":"Roshan","lastName":"Sharma"},"_modified_by":{},"_owner":{"_id":"5ad5aebf580000ad00b7a7f9","firstName":"Roshan","lastName":"Sharma"},"_member":""},"name":"First Transaction","_id":"b3694432-9e01-4b12-8750-dae26d8b4682","transactionSeller":[{"_id":"5aa97b1a0e0000b01ef03ac4","firstName":"Jack","lastName":"Khanal"},{"_id":"5aa97b1a0e0000b01ef03ac5","firstName":"Sam","lastName":"Khanal"}],"propertyId":"5aa97b1a0e0000b01ef03ac1","listPrice":7000.0,"status":"ACTIVE"},{"owner":{},"side":"LISTING","description":"Listing Transaction Due Test Second","sellPrice":6500.0,"transactionBuyer":[{"_id":"5aa97b1a0e0000b01ef03ac3","firstName":"Sagar","lastName":"Khanal"},{"_id":"5aa97b1a0e0000b01ef03ac2","firstName":"Jay","lastName":"Khanal"}],"acl":{"gr":true,"gw":true,"gd":true},"closingDate":"2018-05-03 00:00:00.0","closingStatus":"CLOSED","type":"SALE","acceptedDate":"2018-05-11 00:00:00.0","transactionAgent":[{"_id":"5aa97b1a0e0000b01ef03ac6","firstName":"Jesica","lastName":"Khanal"},{"_id":"5aa97b1a0e0000b01ef03ac7","firstName":"Evan","lastName":"Khanal"}],"reference":[],"meta":{"_version":0,"_created":"2018-06-13 06:57:41.721","_created_by":{"_id":"5ad5aebf580000ad00b7a7f9","firstName":"Roshan","lastName":"Sharma"},"_modified_by":{},"_owner":{"_id":"5ad5aebf580000ad00b7a7f9","firstName":"Roshan","lastName":"Sharma"},"_member":""},"name":"First Transaction","_id":"5aad1e48-aa8d-4b63-826c-041ecbcd8071","transactionSeller":[{"_id":"5aa97b1a0e0000b01ef03ac4","firstName":"Jack","lastName":"Khanal"},{"_id":"5aa97b1a0e0000b01ef03ac5","firstName":"Sam","lastName":"Khanal"}],"propertyId":"5aa97b1a0e0000b01ef03ac1","listPrice":7000.0,"status":"ACTIVE"},{"owner":{"_id":"5aa99b1a0e055nm01ef03ac6","firstName":"Simran","lastName":"Libertine"},"side":"BUYING","description":"best for agriculture and farming","sellPrice":5000.0,"transactionBuyer":[{"_id":"6aa97b1a0e11222f03nc2","firstName":"James","lastName":"Black"}],"acl":{"gr":true,"gw":true,"gd":true},"closingDate":"2018-04-01 00:00:00.0","closingStatus":"RE_CLOSE","type":"SALE","acceptedDate":"2017-12-23 00:00:00.0","transactionAgent":[{"_id":"5aa97b1a090000b015503ac7","firstName":"Carren","lastName":"Montana"},{"_id":"80a97b1a0e0033771ef03ac0","firstName":"Lucifer","lastName":"Lovaskia"}],"reference":[],"meta":{"_version":0,"_created":"2018-07-06 07:28:26.066","_created_by":{"_id":"5afd2dbdfd5fb0934cf70cb8","firstName":"Chunky","lastName":"Tae"},"_modified_by":{},"_owner":{"_id":"5afd2dbdfd5fb0934cf70cb8","firstName":"Chunky","lastName":"Tae"},"_member":""},"name":"Aintree Court,land","_id":"082d745e-42bc-4dbc-aa55-2d0ee3931c36","transactionSeller":[{"_id":"5aa99b1a0e055nm01ef03ac6","firstName":"Rio","lastName":"Cameroon"},{"_id":"5aa33b1a0e0766b01ef03ac9","firstName":"Amelai","lastName":"Black"}],"propertyId":"7aa97b1556ee4505cc03ac4","listPrice":4000.0,"status":"ACTIVE"},{"owner":{},"side":"LISTING","description":"Listing Transaction Due Test Second","sellPrice":6500.0,"transactionBuyer":[{"_id":"5aa97b1a0e0000b01ef03ac3","firstName":"Sagar","lastName":"Khanal"},{"_id":"5aa97b1a0e0000b01ef03ac2","firstName":"Jay","lastName":"Khanal"}],"acl":{"gr":true,"gw":true,"gd":true},"closingDate":"2018-05-03 00:00:00.0","closingStatus":"CLOSED","type":"SALE","acceptedDate":"2018-05-11 00:00:00.0","transactionAgent":[{"_id":"5aa97b1a0e0000b01ef03ac7","firstName":"Evan","lastName":"Khanal"},{"_id":"5aa97b1a0e0000b01ef03ac6","firstName":"Jesica","lastName":"Khanal"}],"reference":[],"meta":{"_version":0,"_created":"2018-06-13 06:17:52.757","_created_by":{"_id":"5ad5aebf580000ad00b7a7f9","firstName":"Roshan","lastName":"Sharma"},"_modified_by":{},"_owner":{"_id":"5ad5aebf580000ad00b7a7f9","firstName":"Roshan","lastName":"Sharma"},"_member":""},"name":"Second Transaction","_id":"f96d5d81-bda9-460e-b657-a6912c200914","transactionSeller":[{"_id":"5aa97b1a0e0000b01ef03ac5","firstName":"Sam","lastName":"Khanal"},{"_id":"5aa97b1a0e0000b01ef03ac4","firstName":"Jack","lastName":"Khanal"}],"propertyId":"5aa97b1a0e0000b01ef03ac1","listPrice":7000.0,"status":"ACTIVE"},{"owner":{},"side":"LISTING","description":"Listing Transaction Due Test Second","sellPrice":6500.0,"transactionBuyer":[{"_id":"5aa97b1a0e0000b01ef03ac3","firstName":"Sagar","lastName":"Khanal"},{"_id":"5aa97b1a0e0000b01ef03ac2","firstName":"Jay","lastName":"Khanal"}],"acl":{"gr":true,"gw":true,"gd":true},"closingDate":"2018-05-03 00:00:00.0","closingStatus":"CLOSED","type":"SALE","acceptedDate":"2018-05-11 00:00:00.0","transactionAgent":[{"_id":"5aa97b1a0e0000b01ef03ac6","firstName":"Jesica","lastName":"Khanal"},{"_id":"5aa97b1a0e0000b01ef03ac7","firstName":"Evan","lastName":"Khanal"}],"reference":[],"meta":{"_version":0,"_created":"2018-07-06 07:43:53.069","_created_by":{"_id":"5afd2dbdfd5fb0934cf70cb8","firstName":"Chunky","lastName":"Tae"},"_modified_by":{},"_owner":{"_id":"5afd2dbdfd5fb0934cf70cb8","firstName":"Chunky","lastName":"Tae"},"_member":""},"name":"Transaction Filtering","_id":"fa57ee39-58b6-4e92-81a1-024dee4ad48e","transactionSeller":[{"_id":"5aa97b1a0e0000b01ef03ac4","firstName":"Jack","lastName":"Khanal"},{"_id":"5aa97b1a0e0000b01ef03ac5","firstName":"Sam","lastName":"Khanal"}],"propertyId":"5aa97b1a0e0000b01ef03ac1","listPrice":7000.0,"status":"ACTIVE"},{"owner":{"_id":"5aa99b1a0e055nm01ef03ac6","firstName":"Simran","lastName":"Libertine"},"side":"BUYING","description":"Suitable for small family","sellPrice":6000.0,"transactionBuyer":[{"_id":"6aa97b1a0e11222f03nc2","firstName":"James","lastName":"Black"}],"acl":{"gr":true,"gw":true,"gd":true},"closingDate":"2018-04-01 00:00:00.0","closingStatus":"RE_CLOSE","type":"BUY","acceptedDate":"2017-12-23 00:00:00.0","transactionAgent":[{"_id":"5aa97b1a090000b015503ac7","firstName":"Carren","lastName":"Montana"},{"_id":"80a97b1a0e0033771ef03ac0","firstName":"Lucifer","lastName":"Lovaskia"}],"reference":[],"meta":{"_version":0,"_created":"2018-06-13 05:39:22.1","_created_by":{"_id":"5ad5aebf580000ad00b7a7f9","firstName":"Roshan","lastName":"Sharma"},"_modified_by":{},"_owner":{"_id":"5ad5aebf580000ad00b7a7f9","firstName":"Roshan","lastName":"Sharma"},"_member":""},"name":"Central Building","_id":"f149f522-5f40-4f4a-8f1a-900a1bec4384","transactionSeller":[{"_id":"5aa99b1a0e055nm01ef03ac6","firstName":"Rio","lastName":"Cameroon"},{"_id":"5aa33b1a0e0766b01ef03ac9","firstName":"Amelai","lastName":"Black"}],"propertyId":"7aa97b1556ee4505cc03ac4","listPrice":5000.0,"status":"ACTIVE"},{"owner":{"_id":"222222","firstName":"Amit","lastName":"Chaulagain"},"listedOn":"2017-12-12 01:00:00.0","side":"BOTH","description":"description about the apartment","sellPrice":3000.0,"transactionBuyer":[{"_id":"aaaa2","firstName":"hero","lastName":"Chau"},{"_id":"aaaa4","firstName":"hero","lastName":"Chau"}],"acl":{"gr":true,"gw":true,"gd":true},"closingDate":"2018-01-01 00:00:00.0","closingStatus":"CLOSED","type":"SALE","acceptedDate":"2017-12-11 23:00:00.0","transactionAgent":[{"_id":"cccc2","firstName":"Carlos","lastName":"Chau"},{"_id":"cccc5","firstName":"Carlos","lastName":"Chau"}],"reference":[],"mls":"12qw12","meta":{"_version":0,"_created":"2018-06-13 06:30:24.897","_created_by":{"_id":"11111111","firstName":"leo","lastName":"daarko"},"_modified_by":{},"_owner":{"_id":"11111111","firstName":"leo","lastName":"daarko"},"_member":"22222222"},"name":"apartment","_id":"ce7eeec1-b194-4535-b94a-065e0fd501e4","transactionSeller":[{"_id":"bbbb1","firstName":"Bob","lastName":"Chau"},{"_id":"bbbb2","firstName":"Bob","lastName":"Chau"}],"propertyId":"property1","listPrice":4000.0,"status":"ACTIVE"},{"owner":{"_id":"222222","firstName":"Amit","lastName":"Chaulagain"},"listedOn":"2017-12-12 01:00:00.0","side":"BOTH","description":"description about the apartment","sellPrice":3000.0,"transactionBuyer":[{"_id":"aaaa4","firstName":"hero","lastName":"Chau"},{"_id":"aaaa2","firstName":"hero","lastName":"Chau"}],"acl":{"gr":true,"gw":true,"gd":true},"closingDate":"2018-01-01 00:00:00.0","closingStatus":"CLOSED","type":"SALE","acceptedDate":"2017-12-11 23:00:00.0","transactionAgent":[{"_id":"cccc5","firstName":"Carlos","lastName":"Chau"},{"_id":"cccc2","firstName":"Carlos","lastName":"Chau"}],"reference":[],"mls":"12qw12","meta":{"_version":0,"_created":"2018-06-13 06:37:57.493","_created_by":{"_id":"11111111","firstName":"leo","lastName":"daarko"},"_modified_by":{},"_owner":{"_id":"11111111","firstName":"leo","lastName":"daarko"},"_member":"22222222"},"name":"test1","_id":"54e8d410-238d-4125-8bd2-0354f133cedf","transactionSeller":[{"_id":"bbbb1","firstName":"Bob","lastName":"Chau"},{"_id":"bbbb2","firstName":"Bob","lastName":"Chau"}],"propertyId":"property1","listPrice":4000.0,"status":"ACTIVE"},{"owner":{},"side":"LISTING","description":"Listing Transaction Due Test Second","sellPrice":6500.0,"transactionBuyer":[{"_id":"5aa97b1a0e0000b01ef03ac3","firstName":"Sagar","lastName":"Khanal"},{"_id":"5aa97b1a0e0000b01ef03ac2","firstName":"Jay","lastName":"Khanal"}],"acl":{"gr":true,"gw":true,"gd":true},"closingDate":"2018-05-03 00:00:00.0","closingStatus":"CLOSED","type":"SALE","acceptedDate":"2018-05-11 00:00:00.0","transactionAgent":[{"_id":"5aa97b1a0e0000b01ef03ac7","firstName":"Evan","lastName":"Khanal"},{"_id":"5aa97b1a0e0000b01ef03ac6","firstName":"Jesica","lastName":"Khanal"}],"reference":[],"meta":{"_version":0,"_created":"2018-07-06 08:29:16.454","_created_by":{"_id":"5afd2dbdfd5fb0934cf70cb8","firstName":"Chunky","lastName":"Tae"},"_modified_by":{},"_owner":{"_id":"5afd2dbdfd5fb0934cf70cb8","firstName":"Chunky","lastName":"Tae"},"_member":""},"name":"Transaction Filtering","_id":"1ef1318a-bd33-41de-b7ec-048d53b15a15","transactionSeller":[{"_id":"5aa97b1a0e0000b01ef03ac4","firstName":"Jack","lastName":"Khanal"},{"_id":"5aa97b1a0e0000b01ef03ac5","firstName":"Sam","lastName":"Khanal"}],"propertyId":"5aa97b1a0e0000b01ef03ac1","listPrice":7000.0,"status":"ACTIVE"},{"owner":{},"side":"LISTING","description":"Listing Transaction Due Test Second","sellPrice":6500.0,"transactionBuyer":[{"_id":"5aa97b1a0e0000b01ef03ac3","firstName":"Sagar","lastName":"Khanal"},{"_id":"5aa97b1a0e0000b01ef03ac2","firstName":"Jay","lastName":"Khanal"}],"acl":{"gr":true,"gw":true,"gd":true},"closingDate":"2018-05-03 00:00:00.0","closingStatus":"CLOSED","type":"SALE","acceptedDate":"2018-05-11 00:00:00.0","transactionAgent":[{"_id":"5aa97b1a0e0000b01ef03ac7","firstName":"Evan","lastName":"Khanal"},{"_id":"5aa97b1a0e0000b01ef03ac6","firstName":"Jesica","lastName":"Khanal"}],"reference":[],"meta":{"_version":0,"_created":"2018-06-13 06:19:58.55","_created_by":{"_id":"5ad5aebf580000ad00b7a7f9","firstName":"Roshan","lastName":"Sharma"},"_modified_by":{},"_owner":{"_id":"5ad5aebf580000ad00b7a7f9","firstName":"Roshan","lastName":"Sharma"},"_member":""},"name":"Second Transaction","_id":"580d2cb4-b156-4e16-82c5-0215df13b5bb","transactionSeller":[{"_id":"5aa97b1a0e0000b01ef03ac5","firstName":"Sam","lastName":"Khanal"},{"_id":"5aa97b1a0e0000b01ef03ac4","firstName":"Jack","lastName":"Khanal"}],"propertyId":"5aa97b1a0e0000b01ef03ac1","listPrice":7000.0,"status":"ACTIVE"},{"owner":{},"side":"LISTING","description":"Listing Transaction Due Test Second","sellPrice":6500.0,"transactionBuyer":[{"_id":"5aa97b1a0e0000b01ef03ac2","firstName":"Jay","lastName":"Khanal"},{"_id":"5aa97b1a0e0000b01ef03ac3","firstName":"Sagar","lastName":"Khanal"}],"acl":{"gr":true,"gw":true,"gd":true},"closingDate":"2018-05-03 00:00:00.0","closingStatus":"CLOSED","type":"SALE","acceptedDate":"2018-05-11 00:00:00.0","transactionAgent":[{"_id":"5aa97b1a0e0000b01ef03ac6","firstName":"Jesica","lastName":"Khanal"},{"_id":"5aa97b1a0e0000b01ef03ac7","firstName":"Evan","lastName":"Khanal"}],"reference":[],"meta":{"_version":0,"_created":"2018-07-06 08:34:05.522","_created_by":{"_id":"5afd2dbdfd5fb0934cf70cb8","firstName":"Chunky","lastName":"Tae"},"_modified_by":{},"_owner":{"_id":"5afd2dbdfd5fb0934cf70cb8","firstName":"Chunky","lastName":"Tae"},"_member":""},"name":"Transaction Filtering","_id":"1a321a34-0dbe-46b2-ac3d-1ddd5b9f67f6","transactionSeller":[{"_id":"5aa97b1a0e0000b01ef03ac5","firstName":"Sam","lastName":"Khanal"},{"_id":"5aa97b1a0e0000b01ef03ac4","firstName":"Jack","lastName":"Khanal"}],"propertyId":"5aa97b1a0e0000b01ef03ac1","listPrice":7000.0,"status":"ACTIVE"}],"pages_count":1,"total_count":42,"limit":200,"aggregate":{"total_amount":250000.0}}

13:38:59.403 request:
2 > GET http://159.203.162.230:8080/financial/v1/commission/transaction/3a7a1a59-26c1-4346-ad93-561e380ebd94
2 > Accept-Encoding: gzip,deflate
2 > Connection: Keep-Alive
2 > Host: 159.203.162.230:8080
2 > User-Agent: Apache-HttpClient/4.5.5 (Java/1.8.0_162)

13:38:59.929 response time in milliseconds: 526
2 < 200
2 < Access-Control-Allow-Headers: Authorization,authorization, Origin, X-Requested-With, X-Range, Range, Content-Type, Accept
2 < Access-Control-Allow-Methods: POST, GET, PUT, DELETE, OPTIONS
2 < Access-Control-Allow-Origin: *
2 < Access-Control-Expose-Headers: Accept-Ranges, Content-Encoding, Content-Length, Content-Range
2 < Allow: *
2 < Cache-Control: no-cache
2 < Content-Length: 1199
2 < Content-Type: application/json;charset=UTF-8
2 < Date: Thu, 20 Sep 2018 07:53:59 GMT
2 < Expires: 0
2 < Pragma: No-cache
{"data":{"owner":{},"side":"LISTING","description":"Listing Transaction Due Test Second","sellPrice":6500.0,"transactionBuyer":[{"_id":"5aa97b1a0e0000b01ef03ac2","firstName":"Jay","lastName":"Khanal"},{"_id":"5aa97b1a0e0000b01ef03ac3","firstName":"Sagar","lastName":"Khanal"}],"acl":{"gr":true,"gw":true,"gd":true},"closingDate":"2018-05-03 00:00:00.0","closingStatus":"CLOSED","type":"SALE","acceptedDate":"2018-05-11 00:00:00.0","transactionAgent":[{"_id":"5aa97b1a0e0000b01ef03ac6","firstName":"Jesica","lastName":"Khanal"},{"_id":"5aa97b1a0e0000b01ef03ac7","firstName":"Evan","lastName":"Khanal"}],"reference":[],"meta":{"_version":0,"_created":"2018-07-06 07:53:28.849","_created_by":{"_id":"5afd2dbdfd5fb0934cf70cb8","firstName":"Chunky","lastName":"Tae"},"_modified_by":{},"_owner":{"_id":"5afd2dbdfd5fb0934cf70cb8","firstName":"Chunky","lastName":"Tae"},"_member":""},"name":"Transaction Filtering","_id":"3a7a1a59-26c1-4346-ad93-561e380ebd94","transactionSeller":[{"_id":"5aa97b1a0e0000b01ef03ac4","firstName":"Jack","lastName":"Khanal"},{"_id":"5aa97b1a0e0000b01ef03ac5","firstName":"Sam","lastName":"Khanal"}],"propertyId":"5aa97b1a0e0000b01ef03ac1","listPrice":7000.0,"status":"ACTIVE"}}

